<?xml version="1.0" encoding="UTF-8"?>
<testsuite xmlns:xsi="http://www.w3.org/2001/XMLSchema-instance" xsi:noNamespaceSchemaLocation="https://maven.apache.org/surefire/maven-surefire-plugin/xsd/surefire-test-report-3.0.xsd" version="3.0" name="BunTest" time="0.087" tests="6" errors="0" skipped="0" failures="0">
  <properties>
[...]
</properties>
  <testcase name="bunStoresPriceCorrectly[name=black bun, price=100]" classname="BunTest" time="0.006"/>
  <testcase name="bunStoresNameCorrectly[name=black bun, price=100]" classname="BunTest" time="0.0"/>
  <testcase name="bunStoresPriceCorrectly[name=white bun, price=255,5]" classname="BunTest" time="0.0"/>
  <testcase name="bunStoresNameCorrectly[name=white bun, price=255,5]" classname="BunTest" time="0.0"/>
  <testcase name="bunStoresPriceCorrectly[name=Р±СѓР»РѕС‡РєР°, price=0]" classname="BunTest" time="0.0"/>
  <testcase name="bunStoresNameCorrectly[name=Р±СѓР»РѕС‡РєР°, price=0]" classname="BunTest" time="0.0"/>
</testsuite>